
> recycleIt@0.0.0 start /home/pi/recycleit/sam
> node ./bin/www

[0mGET /? [36m304 [0m166.735 ms - -[0m
[0mGET /stylesheets/style.css [36m304 [0m24.518 ms - -[0m
[0mGET /javascripts/angularApp.js [36m304 [0m7.275 ms - -[0m
[0mGET / [36m304 [0m39.958 ms - -[0m
[0mGET /stylesheets/style.css [36m304 [0m4.324 ms - -[0m
[0mGET /javascripts/angularApp.js [36m304 [0m3.669 ms - -[0m
[0mGET /images/papercups.jpg [36m304 [0m3.981 ms - -[0m
[0mGET /images/glass.jpg [36m304 [0m11.791 ms - -[0m
[0mGET /images/plastic.jpg [36m304 [0m5.315 ms - -[0m
[0mGET /images/bags.jpg [36m304 [0m15.950 ms - -[0m
[0mGET /images/bulbs.jpg [36m304 [0m15.710 ms - -[0m
[0mGET /images/batteries.jpg [36m304 [0m16.731 ms - -[0m
[0mGET /images/clothes.jpg [36m304 [0m16.946 ms - -[0m
[0mGET /images/elec.jpg [36m304 [0m24.005 ms - -[0m
[0mGET /images/etc.jpg [36m304 [0m7.500 ms - -[0m
[0mGET /images/paper.jpg [36m304 [0m7.538 ms - -[0m
[0mGET /images/cans.jpg [36m304 [0m8.372 ms - -[0m
[0mGET /images/oil.jpg [36m304 [0m10.841 ms - -[0m
[0mGET /images/nonrecycle.png [32m200 [0m93.338 ms - 113128[0m
[0mGET /? [36m304 [0m12.560 ms - -[0m
[0mGET /stylesheets/style.css [36m304 [0m1.855 ms - -[0m
[0mGET /javascripts/angularApp.js [36m304 [0m2.209 ms - -[0m
[0mGET / [36m304 [0m63.107 ms - -[0m
[0mGET /stylesheets/style.css [36m304 [0m5.212 ms - -[0m
[0mGET /javascripts/angularApp.js [36m304 [0m3.958 ms - -[0m
[0mGET /images/paper.jpg [36m304 [0m2.505 ms - -[0m
[0mGET /images/papercups.jpg [36m304 [0m22.319 ms - -[0m
[0mGET /images/cans.jpg [36m304 [0m24.695 ms - -[0m
[0mGET /images/glass.jpg [36m304 [0m31.802 ms - -[0m
[0mGET /images/plastic.jpg [36m304 [0m32.454 ms - -[0m
[0mGET /images/bags.jpg [36m304 [0m30.956 ms - -[0m
[0mGET /images/bulbs.jpg [36m304 [0m2.620 ms - -[0m
[0mGET /images/batteries.jpg [36m304 [0m3.802 ms - -[0m
[0mGET /images/clothes.jpg [36m304 [0m2.581 ms - -[0m
[0mGET /images/elec.jpg [36m304 [0m2.475 ms - -[0m
[0mGET /images/oil.jpg [36m304 [0m2.314 ms - -[0m
[0mGET /images/etc.jpg [36m304 [0m5.368 ms - -[0m
[0mGET /? [36m304 [0m9.695 ms - -[0m
[0mGET /javascripts/angularApp.js [36m304 [0m4.815 ms - -[0m
[0mGET /stylesheets/style.css [36m304 [0m5.017 ms - -[0m
[0mGET / [36m304 [0m9.962 ms - -[0m
[0mGET /stylesheets/style.css [36m304 [0m2.254 ms - -[0m
[0mGET /javascripts/angularApp.js [36m304 [0m4.471 ms - -[0m
[0mGET /? [36m304 [0m67.498 ms - -[0m
[0mGET /stylesheets/style.css [36m304 [0m2.480 ms - -[0m
[0mGET /javascripts/angularApp.js [36m304 [0m2.273 ms - -[0m
[0mGET / [36m304 [0m83.337 ms - -[0m
[0mGET /stylesheets/style.css [36m304 [0m26.426 ms - -[0m
[0mGET /javascripts/angularApp.js [36m304 [0m23.355 ms - -[0m
[0mGET /? [36m304 [0m20.304 ms - -[0m
[0mGET /stylesheets/style.css [36m304 [0m2.683 ms - -[0m
[0mGET /javascripts/angularApp.js [36m304 [0m3.928 ms - -[0m
[0mGET / [36m304 [0m78.107 ms - -[0m
[0mGET /stylesheets/style.css [36m304 [0m5.886 ms - -[0m
[0mGET /javascripts/angularApp.js [36m304 [0m5.437 ms - -[0m
[0mGET /images/bulbs.jpg [36m304 [0m2.471 ms - -[0m
[0mGET /images/clothes.jpg [36m304 [0m3.644 ms - -[0m
[0mGET /images/elec.jpg [36m304 [0m4.536 ms - -[0m
[0mGET /images/etc.jpg [36m304 [0m2.726 ms - -[0m
[0mGET /images/paper.jpg [36m304 [0m19.897 ms - -[0m
[0mGET /images/papercups.jpg [36m304 [0m22.822 ms - -[0m
[0mGET /images/cans.jpg [36m304 [0m20.930 ms - -[0m
[0mGET /images/glass.jpg [36m304 [0m16.724 ms - -[0m
[0mGET /images/plastic.jpg [36m304 [0m16.796 ms - -[0m
[0mGET /images/bags.jpg [36m304 [0m2.521 ms - -[0m
[0mGET /images/batteries.jpg [36m304 [0m4.366 ms - -[0m
[0mGET /images/oil.jpg [36m304 [0m2.949 ms - -[0m
[0mGET /? [36m304 [0m55.742 ms - -[0m
[0mGET /stylesheets/style.css [36m304 [0m13.554 ms - -[0m
[0mGET /javascripts/angularApp.js [36m304 [0m4.550 ms - -[0m
[0mGET / [36m304 [0m16.277 ms - -[0m
[0mGET /stylesheets/style.css [36m304 [0m2.369 ms - -[0m
[0mGET /javascripts/angularApp.js [36m304 [0m2.456 ms - -[0m
[0mGET /? [36m304 [0m14.467 ms - -[0m
[0mGET /stylesheets/style.css [36m304 [0m2.947 ms - -[0m
[0mGET /javascripts/angularApp.js [36m304 [0m4.966 ms - -[0m
[0mGET / [36m304 [0m7.870 ms - -[0m
[0mGET /stylesheets/style.css [36m304 [0m2.114 ms - -[0m
[0mGET /javascripts/angularApp.js [36m304 [0m2.502 ms - -[0m
[0mGET /images/bulbs.jpg [36m304 [0m2.115 ms - -[0m
[0mGET /images/batteries.jpg [36m304 [0m11.144 ms - -[0m
[0mGET /images/clothes.jpg [36m304 [0m10.696 ms - -[0m
[0mGET /images/elec.jpg [36m304 [0m11.355 ms - -[0m
[0mGET /images/oil.jpg [36m304 [0m11.413 ms - -[0m
[0mGET /images/etc.jpg [36m304 [0m2.364 ms - -[0m
[0mGET /images/paper.jpg [36m304 [0m8.215 ms - -[0m
[0mGET /images/papercups.jpg [36m304 [0m8.080 ms - -[0m
[0mGET /images/cans.jpg [36m304 [0m24.311 ms - -[0m
[0mGET /images/glass.jpg [36m304 [0m25.155 ms - -[0m
[0mGET /images/plastic.jpg [36m304 [0m15.085 ms - -[0m
[0mGET /images/bags.jpg [36m304 [0m16.561 ms - -[0m
[0mGET /images/can1.png [32m200 [0m17.755 ms - 59269[0m
[0mGET /images/can2.png [32m200 [0m17.394 ms - 108150[0m
[0mGET /images/can3.png [32m200 [0m12.145 ms - 111311[0m
[0mGET /? [36m304 [0m8.103 ms - -[0m
[0mGET /stylesheets/style.css [36m304 [0m1.783 ms - -[0m
[0mGET /javascripts/angularApp.js [36m304 [0m2.801 ms - -[0m
[0mGET / [36m304 [0m14.263 ms - -[0m
[0mGET /stylesheets/style.css [36m304 [0m7.394 ms - -[0m
[0mGET /javascripts/angularApp.js [36m304 [0m7.254 ms - -[0m
[0mGET /images/paper.jpg [36m304 [0m12.816 ms - -[0m
[0mGET /images/papercups.jpg [36m304 [0m17.093 ms - -[0m
[0mGET /images/cans.jpg [36m304 [0m19.443 ms - -[0m
[0mGET /images/glass.jpg [36m304 [0m19.651 ms - -[0m
[0mGET /images/plastic.jpg [36m304 [0m19.565 ms - -[0m
[0mGET /images/bags.jpg [36m304 [0m2.262 ms - -[0m
[0mGET /images/bulbs.jpg [36m304 [0m2.299 ms - -[0m
[0mGET /images/batteries.jpg [36m304 [0m2.307 ms - -[0m
[0mGET /images/clothes.jpg [36m304 [0m12.124 ms - -[0m
[0mGET /images/elec.jpg [36m304 [0m11.650 ms - -[0m
[0mGET /images/oil.jpg [36m304 [0m11.354 ms - -[0m
[0mGET /images/etc.jpg [36m304 [0m11.236 ms - -[0m
[0mGET /images/oil2.png [32m200 [0m36.934 ms - 58997[0m
[0mGET /images/oil1.png [32m200 [0m25.043 ms - 58994[0m
[0mGET /images/oil3.png [32m200 [0m37.206 ms - 38197[0m
[0mGET /? [36m304 [0m8.730 ms - -[0m
[0mGET /stylesheets/style.css [36m304 [0m3.408 ms - -[0m
[0mGET /javascripts/angularApp.js [36m304 [0m4.429 ms - -[0m
[0mGET / [36m304 [0m10.352 ms - -[0m
[0mGET /stylesheets/style.css [36m304 [0m1.857 ms - -[0m
[0mGET /javascripts/angularApp.js [36m304 [0m1.842 ms - -[0m
[0mGET /images/paper.jpg [36m304 [0m13.481 ms - -[0m
[0mGET /images/papercups.jpg [36m304 [0m13.911 ms - -[0m
[0mGET /images/cans.jpg [36m304 [0m20.083 ms - -[0m
[0mGET /images/glass.jpg [36m304 [0m18.969 ms - -[0m
[0mGET /images/plastic.jpg [36m304 [0m11.421 ms - -[0m
[0mGET /images/bags.jpg [36m304 [0m8.739 ms - -[0m
[0mGET /images/bulbs.jpg [36m304 [0m4.272 ms - -[0m
[0mGET /images/batteries.jpg [36m304 [0m4.360 ms - -[0m
[0mGET /images/clothes.jpg [36m304 [0m48.337 ms - -[0m
[0mGET /images/elec.jpg [36m304 [0m50.440 ms - -[0m
[0mGET /images/oil.jpg [36m304 [0m23.661 ms - -[0m
[0mGET /images/etc.jpg [36m304 [0m13.631 ms - -[0m
[0mGET /images/clothes1.png [32m200 [0m12.192 ms - 93701[0m
[0mGET /? [36m304 [0m7.557 ms - -[0m
[0mGET /stylesheets/style.css [36m304 [0m1.453 ms - -[0m
[0mGET /javascripts/angularApp.js [36m304 [0m1.643 ms - -[0m
[0mGET / [36m304 [0m9.619 ms - -[0m
[0mGET /stylesheets/style.css [36m304 [0m2.057 ms - -[0m
[0mGET /javascripts/angularApp.js [36m304 [0m1.747 ms - -[0m
[0mGET /? [36m304 [0m7.848 ms - -[0m
[0mGET /stylesheets/style.css [36m304 [0m1.791 ms - -[0m
[0mGET /javascripts/angularApp.js [36m304 [0m1.365 ms - -[0m
[0mGET / [36m304 [0m11.154 ms - -[0m
[0mGET /stylesheets/style.css [36m304 [0m2.535 ms - -[0m
[0mGET /javascripts/angularApp.js [36m304 [0m4.277 ms - -[0m
[0mGET / [36m304 [0m11.948 ms - -[0m
[0mGET /stylesheets/style.css [36m304 [0m7.102 ms - -[0m
[0mGET /javascripts/angularApp.js [36m304 [0m2.450 ms - -[0m
[0mGET /? [36m304 [0m9.495 ms - -[0m
[0mGET /stylesheets/style.css [36m304 [0m14.257 ms - -[0m
[0mGET /javascripts/angularApp.js [36m304 [0m4.238 ms - -[0m
[0mGET / [36m304 [0m8.548 ms - -[0m
[0mGET /stylesheets/style.css [36m304 [0m3.946 ms - -[0m
[0mGET /javascripts/angularApp.js [36m304 [0m3.398 ms - -[0m
[0mGET /? [36m304 [0m8.698 ms - -[0m
[0mGET /stylesheets/style.css [36m304 [0m1.755 ms - -[0m
[0mGET /javascripts/angularApp.js [36m304 [0m9.136 ms - -[0m
[0mGET / [36m304 [0m10.718 ms - -[0m
[0mGET /stylesheets/style.css [36m304 [0m1.356 ms - -[0m
[0mGET /javascripts/angularApp.js [36m304 [0m1.160 ms - -[0m
[0mGET /? [36m304 [0m20.239 ms - -[0m
[0mGET /stylesheets/style.css [36m304 [0m2.582 ms - -[0m
[0mGET /javascripts/angularApp.js [36m304 [0m2.579 ms - -[0m
